<?xml version="1.0" encoding="UTF-8"?>
<testsuite xmlns:xsi="http://www.w3.org/2001/XMLSchema-instance" xsi:noNamespaceSchemaLocation="https://maven.apache.org/surefire/maven-surefire-plugin/xsd/surefire-test-report-3.0.xsd" version="3.0" name="huiyu.stepdefinitions.CucumberTestRunner_login_test" time="31.216" tests="3" errors="0" skipped="0" failures="0">
  <properties>
[...]
</properties>
  <testcase name="Successful login to the TaaS Serviceportal" classname="Login to the TaaS Serviceportal" time="17.059">
    <system-out><![CDATA[Starting Xvfb...
ChromeDriver initialized and Chrome launched.
Login successful. Profile ID: vw2xn87@test
]]></system-out>
    <system-err><![CDATA[SLF4J(W): No SLF4J providers were found.
SLF4J(W): Defaulting to no-operation (NOP) logger implementation
SLF4J(W): See https://www.slf4j.org/codes.html#noProviders for further details.
Starting ChromeDriver 132.[01.6738639470103.263][SEVERE]: b.in8d(3)  (fa0i3lde5d9:c fC5aencnfo1td 8as4s44838ff9a1e96231304d4ff9c-refs/branch-heads/6834@{#3390}) on port 57878
Only local connections are allowed.
Please seei hgttnps://chromedriver.chromiu m.orgr/seecuqruiteys-tceodn saiddderreastsi o(n9s9 )f
or suggestions on keeping ChromeDriver safe.
ChromeDriver was started successfully on port 57878.
Jan 15, 2025 7:41:45 PM org.openqa.selenium.remote.ProtocolHandshake createSession
INFO: Detected upstream dialect: W3C
Jan 15, 2025 7:41:46 PM org.openqa.selenium.devtools.CdpVersionFinder findNearestMatch
WARNING: Unable to find an exact match for CDP version 132, so returning the closest version found: a no-op implementation
Jan 15, 2025 7:41:46 PM org.openqa.selenium.devtools.CdpVersionFinder findNearestMatch
INFO: Unable to find CDP implementation matching 132.
Jan 15, 2025 7:41:46 PM org.openqa.selenium.chromium.ChromiumDriver lambda$new$3
WARNING: Unable to find version of CDP to use for . You may need to include a dependency on a specific version of the CDP using something similar to `org.seleniumhq.selenium:selenium-devtools-v86:4.5.0` where the version ("v86") matches the version of the chromium-based browser you're using and the version number of the artifact is the same as Selenium's.
]]></system-err>
  </testcase>
  <testcase name="Login with incorrect password" classname="Login to the TaaS Serviceportal" time="2.822">
    <system-out><![CDATA[ChromeDriver initialized and Chrome launched.
✅ Login failed as expected: Login page elements are still visible.
]]></system-out>
    <system-err><![CDATA[Starting ChromeDriver 132.0.6834.83 (03d59cf5ecf1d8444838ff9a1e96231304d4ff9c-refs/branch-heads/6834@[1736970110.872][SEVERE]: bind() failed: Cannot assign requested address (99)
{#3390}) on port 56185
Only local connections are allowed.
Please see https://chromedriver.chromium.org/security-considerations for suggestions on keeping ChromeDriver safe.
ChromeDriver was started successfully on port 56185.
Jan 15, 2025 7:41:51 PM org.openqa.selenium.remote.ProtocolHandshake createSession
INFO: Detected upstream dialect: W3C
Jan 15, 2025 7:41:51 PM org.openqa.selenium.devtools.CdpVersionFinder findNearestMatch
WARNING: Unable to find an exact match for CDP version 132, so returning the closest version found: a no-op implementation
Jan 15, 2025 7:41:51 PM org.openqa.selenium.devtools.CdpVersionFinder findNearestMatch
INFO: Unable to find CDP implementation matching 132.
Jan 15, 2025 7:41:51 PM org.openqa.selenium.chromium.ChromiumDriver lambda$new$3
WARNING: Unable to find version of CDP to use for . You may need to include a dependency on a specific version of the CDP using something similar to `org.seleniumhq.selenium:selenium-devtools-v86:4.5.0` where the version ("v86") matches the version of the chromium-based browser you're using and the version number of the artifact is the same as Selenium's.
]]></system-err>
  </testcase>
  <testcase name="Logout after successful login" classname="Login to the TaaS Serviceportal" time="10.312">
    <system-out><![CDATA[ChromeDriver initialized and Chrome launched.
Login successful. Profile ID: vw2xn87@test
Toast message disappeared.
✅ Login failed as expected: Login page elements are still visible.
]]></system-out>
    <system-err><![CDATA[Starting ChromeDriver 132.0.6834.83 (03d59cf5ecf1d8444838ff9a1e96231304d4ff9c-refs/branch-heads/6834@{#3390}) on port 39746
Only local connections are allowed.
Please see https://chromedriver.chromium.org/security-considerations for suggestions on keeping ChromeDriver safe.
[1736970113.732][SEVERE]: bind() failed: Cannot assign requeCshtreodm eaDddrreisvse r( 9w9)a
s started successfully on port 39746.
Jan 15, 2025 7:41:54 PM org.openqa.selenium.remote.ProtocolHandshake createSession
INFO: Detected upstream dialect: W3C
Jan 15, 2025 7:41:54 PM org.openqa.selenium.devtools.CdpVersionFinder findNearestMatch
WARNING: Unable to find an exact match for CDP version 132, so returning the closest version found: a no-op implementation
Jan 15, 2025 7:41:54 PM org.openqa.selenium.devtools.CdpVersionFinder findNearestMatch
INFO: Unable to find CDP implementation matching 132.
Jan 15, 2025 7:41:54 PM org.openqa.selenium.chromium.ChromiumDriver lambda$new$3
WARNING: Unable to find version of CDP to use for . You may need to include a dependency on a specific version of the CDP using something similar to `org.seleniumhq.selenium:selenium-devtools-v86:4.5.0` where the version ("v86") matches the version of the chromium-based browser you're using and the version number of the artifact is the same as Selenium's.
]]></system-err>
  </testcase>
</testsuite>